<?xml version="1.0" encoding="UTF-8"?>
<testsuite name="com.test.cicd.testspringboot.TestspringbootApplicationTests" tests="3" skipped="0" failures="0" errors="0" timestamp="2022-04-08T18:04:01" hostname="Shashanks-MacBook-Air.local" time="0.615">
  <properties/>
  <testcase name="version()" classname="com.test.cicd.testspringboot.TestspringbootApplicationTests" time="0.606"/>
  <testcase name="contextLoads()" classname="com.test.cicd.testspringboot.TestspringbootApplicationTests" time="0.004"/>
  <testcase name="welcome()" classname="com.test.cicd.testspringboot.TestspringbootApplicationTests" time="0.003"/>
  <system-out><![CDATA[13:03:57.253 [Test worker] DEBUG org.springframework.test.context.BootstrapUtils - Instantiating CacheAwareContextLoaderDelegate from class [org.springframework.test.context.cache.DefaultCacheAwareContextLoaderDelegate]
13:03:57.276 [Test worker] DEBUG org.springframework.test.context.BootstrapUtils - Instantiating BootstrapContext using constructor [public org.springframework.test.context.support.DefaultBootstrapContext(java.lang.Class,org.springframework.test.context.CacheAwareContextLoaderDelegate)]
13:03:57.333 [Test worker] DEBUG org.springframework.test.context.BootstrapUtils - Instantiating TestContextBootstrapper for test class [com.test.cicd.testspringboot.TestspringbootApplicationTests] from class [org.springframework.boot.test.context.SpringBootTestContextBootstrapper]
13:03:57.357 [Test worker] INFO org.springframework.boot.test.context.SpringBootTestContextBootstrapper - Neither @ContextConfiguration nor @ContextHierarchy found for test class [com.test.cicd.testspringboot.TestspringbootApplicationTests], using SpringBootContextLoader
13:03:57.364 [Test worker] DEBUG org.springframework.test.context.support.AbstractContextLoader - Did not detect default resource location for test class [com.test.cicd.testspringboot.TestspringbootApplicationTests]: class path resource [com/test/cicd/testspringboot/TestspringbootApplicationTests-context.xml] does not exist
13:03:57.367 [Test worker] DEBUG org.springframework.test.context.support.AbstractContextLoader - Did not detect default resource location for test class [com.test.cicd.testspringboot.TestspringbootApplicationTests]: class path resource [com/test/cicd/testspringboot/TestspringbootApplicationTestsContext.groovy] does not exist
13:03:57.367 [Test worker] INFO org.springframework.test.context.support.AbstractContextLoader - Could not detect default resource locations for test class [com.test.cicd.testspringboot.TestspringbootApplicationTests]: no resource found for suffixes {-context.xml, Context.groovy}.
13:03:57.369 [Test worker] INFO org.springframework.test.context.support.AnnotationConfigContextLoaderUtils - Could not detect default configuration classes for test class [com.test.cicd.testspringboot.TestspringbootApplicationTests]: TestspringbootApplicationTests does not declare any static, non-private, non-final, nested classes annotated with @Configuration.
13:03:57.467 [Test worker] DEBUG org.springframework.test.context.support.ActiveProfilesUtils - Could not find an 'annotation declaring class' for annotation type [org.springframework.test.context.ActiveProfiles] and class [com.test.cicd.testspringboot.TestspringbootApplicationTests]
13:03:57.581 [Test worker] DEBUG org.springframework.context.annotation.ClassPathScanningCandidateComponentProvider - Identified candidate component class: file [/Users/shashankindukuri/Documents/Masters/SE452/Week2/deployherokuspringboot/build/classes/java/main/com/test/cicd/testspringboot/TestspringbootApplication.class]
13:03:57.584 [Test worker] INFO org.springframework.boot.test.context.SpringBootTestContextBootstrapper - Found @SpringBootConfiguration com.test.cicd.testspringboot.TestspringbootApplication for test class com.test.cicd.testspringboot.TestspringbootApplicationTests
13:03:57.759 [Test worker] DEBUG org.springframework.boot.test.context.SpringBootTestContextBootstrapper - @TestExecutionListeners is not present for class [com.test.cicd.testspringboot.TestspringbootApplicationTests]: using defaults.
13:03:57.759 [Test worker] INFO org.springframework.boot.test.context.SpringBootTestContextBootstrapper - Loaded default TestExecutionListener class names from location [META-INF/spring.factories]: [org.springframework.boot.test.autoconfigure.restdocs.RestDocsTestExecutionListener, org.springframework.boot.test.autoconfigure.web.client.MockRestServiceServerResetTestExecutionListener, org.springframework.boot.test.autoconfigure.web.servlet.MockMvcPrintOnlyOnFailureTestExecutionListener, org.springframework.boot.test.autoconfigure.web.servlet.WebDriverTestExecutionListener, org.springframework.boot.test.autoconfigure.webservices.client.MockWebServiceServerTestExecutionListener, org.springframework.boot.test.mock.mockito.MockitoTestExecutionListener, org.springframework.boot.test.mock.mockito.ResetMocksTestExecutionListener, org.springframework.test.context.web.ServletTestExecutionListener, org.springframework.test.context.support.DirtiesContextBeforeModesTestExecutionListener, org.springframework.test.context.event.ApplicationEventsTestExecutionListener, org.springframework.test.context.support.DependencyInjectionTestExecutionListener, org.springframework.test.context.support.DirtiesContextTestExecutionListener, org.springframework.test.context.transaction.TransactionalTestExecutionListener, org.springframework.test.context.jdbc.SqlScriptsTestExecutionListener, org.springframework.test.context.event.EventPublishingTestExecutionListener]
13:03:57.781 [Test worker] DEBUG org.springframework.boot.test.context.SpringBootTestContextBootstrapper - Skipping candidate TestExecutionListener [org.springframework.test.context.transaction.TransactionalTestExecutionListener] due to a missing dependency. Specify custom listener classes or make the default listener classes and their required dependencies available. Offending class: [org/springframework/transaction/interceptor/TransactionAttributeSource]
13:03:57.781 [Test worker] DEBUG org.springframework.boot.test.context.SpringBootTestContextBootstrapper - Skipping candidate TestExecutionListener [org.springframework.test.context.jdbc.SqlScriptsTestExecutionListener] due to a missing dependency. Specify custom listener classes or make the default listener classes and their required dependencies available. Offending class: [org/springframework/transaction/interceptor/TransactionAttribute]
13:03:57.782 [Test worker] INFO org.springframework.boot.test.context.SpringBootTestContextBootstrapper - Using TestExecutionListeners: [org.springframework.test.context.web.ServletTestExecutionListener@5b444398, org.springframework.test.context.support.DirtiesContextBeforeModesTestExecutionListener@cb191ca, org.springframework.test.context.event.ApplicationEventsTestExecutionListener@42f48531, org.springframework.boot.test.mock.mockito.MockitoTestExecutionListener@a776e, org.springframework.boot.test.autoconfigure.SpringBootDependencyInjectionTestExecutionListener@792bbc74, org.springframework.test.context.support.DirtiesContextTestExecutionListener@79145d5a, org.springframework.test.context.event.EventPublishingTestExecutionListener@1f2f9244, org.springframework.boot.test.autoconfigure.restdocs.RestDocsTestExecutionListener@4c4d27c8, org.springframework.boot.test.autoconfigure.web.client.MockRestServiceServerResetTestExecutionListener@6821ea29, org.springframework.boot.test.autoconfigure.web.servlet.MockMvcPrintOnlyOnFailureTestExecutionListener@338494fa, org.springframework.boot.test.autoconfigure.web.servlet.WebDriverTestExecutionListener@505a9d7c, org.springframework.boot.test.autoconfigure.webservices.client.MockWebServiceServerTestExecutionListener@758c83d8, org.springframework.boot.test.mock.mockito.ResetMocksTestExecutionListener@129b4fe2]
13:03:57.787 [Test worker] DEBUG org.springframework.test.context.support.AbstractDirtiesContextTestExecutionListener - Before test class: context [DefaultTestContext@4b672daa testClass = TestspringbootApplicationTests, testInstance = [null], testMethod = [null], testException = [null], mergedContextConfiguration = [WebMergedContextConfiguration@ea9b7c6 testClass = TestspringbootApplicationTests, locations = '{}', classes = '{class com.test.cicd.testspringboot.TestspringbootApplication}', contextInitializerClasses = '[]', activeProfiles = '{}', propertySourceLocations = '{}', propertySourceProperties = '{org.springframework.boot.test.context.SpringBootTestContextBootstrapper=true}', contextCustomizers = set[org.springframework.boot.test.autoconfigure.actuate.metrics.MetricsExportContextCustomizerFactory$DisableMetricExportContextCustomizer@573906eb, org.springframework.boot.test.autoconfigure.properties.PropertyMappingContextCustomizer@0, org.springframework.boot.test.autoconfigure.web.servlet.WebDriverContextCustomizerFactory$Customizer@4ddbbdf8, org.springframework.boot.test.context.filter.ExcludeFilterContextCustomizer@1115ec15, org.springframework.boot.test.json.DuplicateJsonObjectContextCustomizerFactory$DuplicateJsonObjectContextCustomizer@3af0a9da, org.springframework.boot.test.mock.mockito.MockitoContextCustomizer@0, org.springframework.boot.test.web.client.TestRestTemplateContextCustomizer@ae3540e, org.springframework.boot.test.context.SpringBootTestArgs@1, org.springframework.boot.test.context.SpringBootTestWebEnvironment@41a2befb], resourceBasePath = 'src/main/webapp', contextLoader = 'org.springframework.boot.test.context.SpringBootContextLoader', parent = [null]], attributes = map['org.springframework.test.context.web.ServletTestExecutionListener.activateListener' -> true]], class annotated with @DirtiesContext [false] with mode [null].

  .   ____          _            __ _ _
 /\\ / ___'_ __ _ _(_)_ __  __ _ \ \ \ \
( ( )\___ | '_ | '_| | '_ \/ _` | \ \ \ \
 \\/  ___)| |_)| | | | | || (_| |  ) ) ) )
  '  |____| .__|_| |_|_| |_\__, | / / / /
 =========|_|==============|___/=/_/_/_/
 :: Spring Boot ::                (v2.6.6)

2022-04-08 13:03:58.345  INFO 91751 --- [    Test worker] c.t.c.t.TestspringbootApplicationTests   : Starting TestspringbootApplicationTests using Java 17.0.2 on Shashanks-MacBook-Air.local with PID 91751 (started by shashankindukuri in /Users/shashankindukuri/Documents/Masters/SE452/Week2/deployherokuspringboot)
2022-04-08 13:03:58.350  INFO 91751 --- [    Test worker] c.t.c.t.TestspringbootApplicationTests   : No active profile set, falling back to 1 default profile: "default"
2022-04-08 13:04:01.911  INFO 91751 --- [    Test worker] c.t.c.t.TestspringbootApplicationTests   : Started TestspringbootApplicationTests in 4.063 seconds (JVM running for 6.018)
]]></system-out>
  <system-err><![CDATA[]]></system-err>
</testsuite>
