<?xml version="1.0" encoding="UTF-8"?>
<testsuite name="com.test.cicd.testspringboot.TestspringbootApplicationTests" tests="1" skipped="0" failures="0" errors="0" timestamp="2022-04-08T14:57:53" hostname="Shashanks-MacBook-Air.local" time="0.55">
  <properties/>
  <testcase name="contextLoads()" classname="com.test.cicd.testspringboot.TestspringbootApplicationTests" time="0.55"/>
  <system-out><![CDATA[09:57:50.986 [Test worker] DEBUG org.springframework.test.context.BootstrapUtils - Instantiating CacheAwareContextLoaderDelegate from class [org.springframework.test.context.cache.DefaultCacheAwareContextLoaderDelegate]
09:57:51.014 [Test worker] DEBUG org.springframework.test.context.BootstrapUtils - Instantiating BootstrapContext using constructor [public org.springframework.test.context.support.DefaultBootstrapContext(java.lang.Class,org.springframework.test.context.CacheAwareContextLoaderDelegate)]
09:57:51.077 [Test worker] DEBUG org.springframework.test.context.BootstrapUtils - Instantiating TestContextBootstrapper for test class [com.test.cicd.testspringboot.TestspringbootApplicationTests] from class [org.springframework.boot.test.context.SpringBootTestContextBootstrapper]
09:57:51.092 [Test worker] INFO org.springframework.boot.test.context.SpringBootTestContextBootstrapper - Neither @ContextConfiguration nor @ContextHierarchy found for test class [com.test.cicd.testspringboot.TestspringbootApplicationTests], using SpringBootContextLoader
09:57:51.097 [Test worker] DEBUG org.springframework.test.context.support.AbstractContextLoader - Did not detect default resource location for test class [com.test.cicd.testspringboot.TestspringbootApplicationTests]: class path resource [com/test/cicd/testspringboot/TestspringbootApplicationTests-context.xml] does not exist
09:57:51.098 [Test worker] DEBUG org.springframework.test.context.support.AbstractContextLoader - Did not detect default resource location for test class [com.test.cicd.testspringboot.TestspringbootApplicationTests]: class path resource [com/test/cicd/testspringboot/TestspringbootApplicationTestsContext.groovy] does not exist
09:57:51.098 [Test worker] INFO org.springframework.test.context.support.AbstractContextLoader - Could not detect default resource locations for test class [com.test.cicd.testspringboot.TestspringbootApplicationTests]: no resource found for suffixes {-context.xml, Context.groovy}.
09:57:51.099 [Test worker] INFO org.springframework.test.context.support.AnnotationConfigContextLoaderUtils - Could not detect default configuration classes for test class [com.test.cicd.testspringboot.TestspringbootApplicationTests]: TestspringbootApplicationTests does not declare any static, non-private, non-final, nested classes annotated with @Configuration.
09:57:51.146 [Test worker] DEBUG org.springframework.test.context.support.ActiveProfilesUtils - Could not find an 'annotation declaring class' for annotation type [org.springframework.test.context.ActiveProfiles] and class [com.test.cicd.testspringboot.TestspringbootApplicationTests]
09:57:51.212 [Test worker] DEBUG org.springframework.context.annotation.ClassPathScanningCandidateComponentProvider - Identified candidate component class: file [/Users/shashankindukuri/Documents/Masters/SE452/Week2/deployherokuspringboot/build/classes/java/main/com/test/cicd/testspringboot/TestspringbootApplication.class]
09:57:51.214 [Test worker] INFO org.springframework.boot.test.context.SpringBootTestContextBootstrapper - Found @SpringBootConfiguration com.test.cicd.testspringboot.TestspringbootApplication for test class com.test.cicd.testspringboot.TestspringbootApplicationTests
09:57:51.369 [Test worker] DEBUG org.springframework.boot.test.context.SpringBootTestContextBootstrapper - @TestExecutionListeners is not present for class [com.test.cicd.testspringboot.TestspringbootApplicationTests]: using defaults.
09:57:51.370 [Test worker] INFO org.springframework.boot.test.context.SpringBootTestContextBootstrapper - Loaded default TestExecutionListener class names from location [META-INF/spring.factories]: [org.springframework.boot.test.autoconfigure.restdocs.RestDocsTestExecutionListener, org.springframework.boot.test.autoconfigure.web.client.MockRestServiceServerResetTestExecutionListener, org.springframework.boot.test.autoconfigure.web.servlet.MockMvcPrintOnlyOnFailureTestExecutionListener, org.springframework.boot.test.autoconfigure.web.servlet.WebDriverTestExecutionListener, org.springframework.boot.test.autoconfigure.webservices.client.MockWebServiceServerTestExecutionListener, org.springframework.boot.test.mock.mockito.MockitoTestExecutionListener, org.springframework.boot.test.mock.mockito.ResetMocksTestExecutionListener, org.springframework.test.context.web.ServletTestExecutionListener, org.springframework.test.context.support.DirtiesContextBeforeModesTestExecutionListener, org.springframework.test.context.event.ApplicationEventsTestExecutionListener, org.springframework.test.context.support.DependencyInjectionTestExecutionListener, org.springframework.test.context.support.DirtiesContextTestExecutionListener, org.springframework.test.context.transaction.TransactionalTestExecutionListener, org.springframework.test.context.jdbc.SqlScriptsTestExecutionListener, org.springframework.test.context.event.EventPublishingTestExecutionListener]
09:57:51.384 [Test worker] DEBUG org.springframework.boot.test.context.SpringBootTestContextBootstrapper - Skipping candidate TestExecutionListener [org.springframework.test.context.transaction.TransactionalTestExecutionListener] due to a missing dependency. Specify custom listener classes or make the default listener classes and their required dependencies available. Offending class: [org/springframework/transaction/interceptor/TransactionAttributeSource]
09:57:51.385 [Test worker] DEBUG org.springframework.boot.test.context.SpringBootTestContextBootstrapper - Skipping candidate TestExecutionListener [org.springframework.test.context.jdbc.SqlScriptsTestExecutionListener] due to a missing dependency. Specify custom listener classes or make the default listener classes and their required dependencies available. Offending class: [org/springframework/transaction/interceptor/TransactionAttribute]
09:57:51.387 [Test worker] INFO org.springframework.boot.test.context.SpringBootTestContextBootstrapper - Using TestExecutionListeners: [org.springframework.test.context.web.ServletTestExecutionListener@30bcf3c1, org.springframework.test.context.support.DirtiesContextBeforeModesTestExecutionListener@2a3c96e3, org.springframework.test.context.event.ApplicationEventsTestExecutionListener@15cafec7, org.springframework.boot.test.mock.mockito.MockitoTestExecutionListener@5b444398, org.springframework.boot.test.autoconfigure.SpringBootDependencyInjectionTestExecutionListener@cb191ca, org.springframework.test.context.support.DirtiesContextTestExecutionListener@42f48531, org.springframework.test.context.event.EventPublishingTestExecutionListener@a776e, org.springframework.boot.test.autoconfigure.restdocs.RestDocsTestExecutionListener@792bbc74, org.springframework.boot.test.autoconfigure.web.client.MockRestServiceServerResetTestExecutionListener@79145d5a, org.springframework.boot.test.autoconfigure.web.servlet.MockMvcPrintOnlyOnFailureTestExecutionListener@1f2f9244, org.springframework.boot.test.autoconfigure.web.servlet.WebDriverTestExecutionListener@4c4d27c8, org.springframework.boot.test.autoconfigure.webservices.client.MockWebServiceServerTestExecutionListener@6821ea29, org.springframework.boot.test.mock.mockito.ResetMocksTestExecutionListener@338494fa]
09:57:51.396 [Test worker] DEBUG org.springframework.test.context.support.AbstractDirtiesContextTestExecutionListener - Before test class: context [DefaultTestContext@1fcb4808 testClass = TestspringbootApplicationTests, testInstance = [null], testMethod = [null], testException = [null], mergedContextConfiguration = [WebMergedContextConfiguration@726e5805 testClass = TestspringbootApplicationTests, locations = '{}', classes = '{class com.test.cicd.testspringboot.TestspringbootApplication}', contextInitializerClasses = '[]', activeProfiles = '{}', propertySourceLocations = '{}', propertySourceProperties = '{org.springframework.boot.test.context.SpringBootTestContextBootstrapper=true}', contextCustomizers = set[org.springframework.boot.test.autoconfigure.actuate.metrics.MetricsExportContextCustomizerFactory$DisableMetricExportContextCustomizer@225129c, org.springframework.boot.test.autoconfigure.properties.PropertyMappingContextCustomizer@0, org.springframework.boot.test.autoconfigure.web.servlet.WebDriverContextCustomizerFactory$Customizer@20c0a64d, org.springframework.boot.test.context.filter.ExcludeFilterContextCustomizer@41ab013, org.springframework.boot.test.json.DuplicateJsonObjectContextCustomizerFactory$DuplicateJsonObjectContextCustomizer@82ea68c, org.springframework.boot.test.mock.mockito.MockitoContextCustomizer@0, org.springframework.boot.test.web.client.TestRestTemplateContextCustomizer@babafc2, org.springframework.boot.test.context.SpringBootTestArgs@1, org.springframework.boot.test.context.SpringBootTestWebEnvironment@23348b5d], resourceBasePath = 'src/main/webapp', contextLoader = 'org.springframework.boot.test.context.SpringBootContextLoader', parent = [null]], attributes = map['org.springframework.test.context.web.ServletTestExecutionListener.activateListener' -> true]], class annotated with @DirtiesContext [false] with mode [null].

  .   ____          _            __ _ _
 /\\ / ___'_ __ _ _(_)_ __  __ _ \ \ \ \
( ( )\___ | '_ | '_| | '_ \/ _` | \ \ \ \
 \\/  ___)| |_)| | | | | || (_| |  ) ) ) )
  '  |____| .__|_| |_|_| |_\__, | / / / /
 =========|_|==============|___/=/_/_/_/
 :: Spring Boot ::                (v2.6.6)

2022-04-08 09:57:51.873  INFO 77722 --- [    Test worker] c.t.c.t.TestspringbootApplicationTests   : Starting TestspringbootApplicationTests using Java 17.0.2 on Shashanks-MacBook-Air.local with PID 77722 (started by shashankindukuri in /Users/shashankindukuri/Documents/Masters/SE452/Week2/deployherokuspringboot)
2022-04-08 09:57:51.877  INFO 77722 --- [    Test worker] c.t.c.t.TestspringbootApplicationTests   : No active profile set, falling back to 1 default profile: "default"
2022-04-08 09:57:53.741  INFO 77722 --- [    Test worker] c.t.c.t.TestspringbootApplicationTests   : Started TestspringbootApplicationTests in 2.282 seconds (JVM running for 4.236)
]]></system-out>
  <system-err><![CDATA[]]></system-err>
</testsuite>
